Build started 13.01.2017 21:58:48.
     1>Project "C:\Users\Влад\Documents\Visual Studio 2010\Projects\Project7\Project7\Project7.vcxproj" on node 2 (build target(s)).
     1>InitializeBuildStatus:
         Creating "Debug\Project7.unsuccessfulbuild" because "AlwaysCreate" was specified.
       ClCompile:
         C:\Program Files (x86)\Microsoft Visual Studio 10.0\VC\bin\CL.exe /c /ID:\Newopencv\build\install\include /ZI /nologo /W3 /WX- /Od /Oy- /D WIN32 /D _DEBUG /D _CONSOLE /D _UNICODE /D UNICODE /Gm /EHsc /RTC1 /MDd /GS /fp:precise /Zc:wchar_t /Zc:forScope /Fo"Debug\\" /Fd"Debug\vc100.pdb" /Gd /TP /analyze- /errorReport:prompt main.cpp
         main.cpp
       ManifestResourceCompile:
         All outputs are up-to-date.
       Link:
         C:\Program Files (x86)\Microsoft Visual Studio 10.0\VC\bin\link.exe /ERRORREPORT:PROMPT /OUT:"C:\Users\Влад\Documents\Visual Studio 2010\Projects\Project7\Debug\Project7.exe" /INCREMENTAL /NOLOGO /LIBPATH:D:\Newopencv\build\install\x86\vc10\lib opencv_xphoto320d.lib opencv_photo320d.lib opencv_imgproc320d.lib opencv_highgui320d.lib opencv_core320d.lib opencv_aruco320d.lib opencv_imgcodecs320d.lib kernel32.lib user32.lib gdi32.lib winspool.lib comdlg32.lib advapi32.lib shell32.lib ole32.lib oleaut32.lib uuid.lib odbc32.lib odbccp32.lib /MANIFEST /ManifestFile:"Debug\Project7.exe.intermediate.manifest" /MANIFESTUAC:"level='asInvoker' uiAccess='false'" /DEBUG /PDB:"C:\Users\Влад\Documents\Visual Studio 2010\Projects\Project7\Debug\Project7.pdb" /SUBSYSTEM:CONSOLE /TLBID:1 /DYNAMICBASE /NXCOMPAT /IMPLIB:"C:\Users\Влад\Documents\Visual Studio 2010\Projects\Project7\Debug\Project7.lib" /MACHINE:X86 Debug\Project7.exe.embed.manifest.res
         Debug\main.obj
       Manifest:
         C:\Program Files (x86)\Microsoft SDKs\Windows\v7.0A\bin\mt.exe /nologo /verbose /out:"Debug\Project7.exe.embed.manifest" /manifest Debug\Project7.exe.intermediate.manifest
         All outputs are up-to-date.
       LinkEmbedManifest:
         All outputs are up-to-date.
         Project7.vcxproj -> C:\Users\Влад\Documents\Visual Studio 2010\Projects\Project7\Debug\Project7.exe
       FinalizeBuildStatus:
         Deleting file "Debug\Project7.unsuccessfulbuild".
         Touching "Debug\Project7.lastbuildstate".
     1>Done Building Project "C:\Users\Влад\Documents\Visual Studio 2010\Projects\Project7\Project7\Project7.vcxproj" (build target(s)).

Build succeeded.

Time Elapsed 00:00:02.67
